
Definitions Analysis Trace for d:/quicklisp/local-projects/test-project/source/single-pkg-defs.lisp

Form: (DEFPACKAGE #:USER-MAIN-PACKAGE
        (:USE :CL))

 Processing list form
  Form: (#:USER-MAIN-PACKAGE (:USE :CL))
   Context: (DEFPACKAGE #:USER-MAIN-PACKAGE
              (:USE :CL))
  
   Processing list form
    Form: #:USER-MAIN-PACKAGE
     Context: (#:USER-MAIN-PACKAGE (:USE :CL))
    
    Form: ((:USE :CL))
     Context: (#:USER-MAIN-PACKAGE (:USE :CL))
    
     Processing list form
      Form: (:USE :CL)
       Context: ((:USE :CL))
      
       Processing list form
        Form: (:CL)
         Context: (:USE :CL)
        
         Processing list form

Form: (IN-PACKAGE #:USER-MAIN-PACKAGE)

 Processing list form
  Form: (#:USER-MAIN-PACKAGE)
   Context: (IN-PACKAGE #:USER-MAIN-PACKAGE)
  
   Processing list form
    Form: #:USER-MAIN-PACKAGE
     Context: (#:USER-MAIN-PACKAGE)
    

Form: (DEFVAR USER-MAIN-PACKAGE::*DEFVAR-VARIABLE* 0)

 Processing list form
  Form: (USER-MAIN-PACKAGE::*DEFVAR-VARIABLE* 0)
   Context: (DEFVAR USER-MAIN-PACKAGE::*DEFVAR-VARIABLE* 0)
  
   Processing list form
    Form: USER-MAIN-PACKAGE::*DEFVAR-VARIABLE*
     Context: (USER-MAIN-PACKAGE::*DEFVAR-VARIABLE* 0)
    
    Form: (0)
     Context: (USER-MAIN-PACKAGE::*DEFVAR-VARIABLE* 0)
    
     Processing list form

Form: (DEFPARAMETER USER-MAIN-PACKAGE::*DEFPARAMETER-VARIABLE* 0)

 Processing list form
  Form: (USER-MAIN-PACKAGE::*DEFPARAMETER-VARIABLE* 0)
   Context: (DEFPARAMETER USER-MAIN-PACKAGE::*DEFPARAMETER-VARIABLE* 0)
  
   Processing list form
    Form: USER-MAIN-PACKAGE::*DEFPARAMETER-VARIABLE*
     Context: (USER-MAIN-PACKAGE::*DEFPARAMETER-VARIABLE* 0)
    
    Form: (0)
     Context: (USER-MAIN-PACKAGE::*DEFPARAMETER-VARIABLE* 0)
    
     Processing list form

Form: (DEFCONSTANT USER-MAIN-PACKAGE::+DEFCONSTANT-VARIABLE+ "aeiou")

 Processing list form
  Form: (USER-MAIN-PACKAGE::+DEFCONSTANT-VARIABLE+ "aeiou")
   Context: (DEFCONSTANT USER-MAIN-PACKAGE::+DEFCONSTANT-VARIABLE+ "aeiou")
  
   Processing list form
    Form: USER-MAIN-PACKAGE::+DEFCONSTANT-VARIABLE+
     Context: (USER-MAIN-PACKAGE::+DEFCONSTANT-VARIABLE+ "aeiou")
    
    Form: ("aeiou")
     Context: (USER-MAIN-PACKAGE::+DEFCONSTANT-VARIABLE+ "aeiou")
    
     Processing list form
       Processing array
        Form: #\a
         Context: "aeiou"
        
        Form: #\e
         Context: "aeiou"
        
        Form: #\i
         Context: "aeiou"
        
        Form: #\o
         Context: "aeiou"
        
        Form: #\u
         Context: "aeiou"
        

Form: (SETF (SYMBOL-VALUE 'USER-MAIN-PACKAGE::SYMBOL-VALUE-VARIABLE) 0)

 Processing list form
  Form: ((SYMBOL-VALUE 'USER-MAIN-PACKAGE::SYMBOL-VALUE-VARIABLE) 0)
   Context: (SETF (SYMBOL-VALUE 'USER-MAIN-PACKAGE::SYMBOL-VALUE-VARIABLE) 0)
  
   Processing list form
    Form: (SYMBOL-VALUE 'USER-MAIN-PACKAGE::SYMBOL-VALUE-VARIABLE)
     Context: ((SYMBOL-VALUE 'USER-MAIN-PACKAGE::SYMBOL-VALUE-VARIABLE) 0)
    
     Processing list form
      Form: ('USER-MAIN-PACKAGE::SYMBOL-VALUE-VARIABLE)
       Context: (SYMBOL-VALUE 'USER-MAIN-PACKAGE::SYMBOL-VALUE-VARIABLE)
      
       Processing list form
        Form: 'USER-MAIN-PACKAGE::SYMBOL-VALUE-VARIABLE
         Context: ('USER-MAIN-PACKAGE::SYMBOL-VALUE-VARIABLE)
        
         Processing list form
          Form: (USER-MAIN-PACKAGE::SYMBOL-VALUE-VARIABLE)
           Context: 'USER-MAIN-PACKAGE::SYMBOL-VALUE-VARIABLE
          
           Processing list form
            Form: USER-MAIN-PACKAGE::SYMBOL-VALUE-VARIABLE
             Context: (USER-MAIN-PACKAGE::SYMBOL-VALUE-VARIABLE)
            
    Form: (0)
     Context: ((SYMBOL-VALUE 'USER-MAIN-PACKAGE::SYMBOL-VALUE-VARIABLE) 0)
    
     Processing list form

Form: (DEFUN USER-MAIN-PACKAGE::DEFUN-NAME () 0)

 Processing list form
  Form: (USER-MAIN-PACKAGE::DEFUN-NAME NIL 0)
   Context: (DEFUN USER-MAIN-PACKAGE::DEFUN-NAME () 0)
  
   Processing list form
    Form: USER-MAIN-PACKAGE::DEFUN-NAME
     Context: (USER-MAIN-PACKAGE::DEFUN-NAME NIL 0)
    
    Form: (NIL 0)
     Context: (USER-MAIN-PACKAGE::DEFUN-NAME NIL 0)
    
     Processing list form
      Form: (0)
       Context: (NIL 0)
      
       Processing list form

Form: (SETF (SYMBOL-FUNCTION 'USER-MAIN-PACKAGE::SYMBOL-FUNCTION-NAME)
              (LAMBDA () 0))

 Processing list form
  Form: ((SYMBOL-FUNCTION 'USER-MAIN-PACKAGE::SYMBOL-FUNCTION-NAME)
         (LAMBDA () 0))
   Context: (SETF (SYMBOL-FUNCTION 'USER-MAIN-PACKAGE::SYMBOL-FUNCTION-NAME)
                    (LAMBDA () 0))
  
   Processing list form
    Form: (SYMBOL-FUNCTION 'USER-MAIN-PACKAGE::SYMBOL-FUNCTION-NAME)
     Context: ((SYMBOL-FUNCTION 'USER-MAIN-PACKAGE::SYMBOL-FUNCTION-NAME)
               (LAMBDA () 0))
    
     Processing list form
      Form: ('USER-MAIN-PACKAGE::SYMBOL-FUNCTION-NAME)
       Context: (SYMBOL-FUNCTION 'USER-MAIN-PACKAGE::SYMBOL-FUNCTION-NAME)
      
       Processing list form
        Form: 'USER-MAIN-PACKAGE::SYMBOL-FUNCTION-NAME
         Context: ('USER-MAIN-PACKAGE::SYMBOL-FUNCTION-NAME)
        
         Processing list form
          Form: (USER-MAIN-PACKAGE::SYMBOL-FUNCTION-NAME)
           Context: 'USER-MAIN-PACKAGE::SYMBOL-FUNCTION-NAME
          
           Processing list form
            Form: USER-MAIN-PACKAGE::SYMBOL-FUNCTION-NAME
             Context: (USER-MAIN-PACKAGE::SYMBOL-FUNCTION-NAME)
            
    Form: ((LAMBDA () 0))
     Context: ((SYMBOL-FUNCTION 'USER-MAIN-PACKAGE::SYMBOL-FUNCTION-NAME)
               (LAMBDA () 0))
    
     Processing list form
      Form: (LAMBDA () 0)
       Context: ((LAMBDA () 0))
      
       Processing list form
        Form: (NIL 0)
         Context: (LAMBDA () 0)
        
         Processing list form
          Form: (0)
           Context: (NIL 0)
          
           Processing list form

Form: (SETF (FDEFINITION 'USER-MAIN-PACKAGE::FDEFINITION-FUNCTION-NAME)
              (LAMBDA () 0))

 Processing list form
  Form: ((FDEFINITION 'USER-MAIN-PACKAGE::FDEFINITION-FUNCTION-NAME)
         (LAMBDA () 0))
   Context: (SETF (FDEFINITION 'USER-MAIN-PACKAGE::FDEFINITION-FUNCTION-NAME)
                    (LAMBDA () 0))
  
   Processing list form
    Form: (FDEFINITION 'USER-MAIN-PACKAGE::FDEFINITION-FUNCTION-NAME)
     Context: ((FDEFINITION 'USER-MAIN-PACKAGE::FDEFINITION-FUNCTION-NAME)
               (LAMBDA () 0))
    
     Processing list form
      Form: ('USER-MAIN-PACKAGE::FDEFINITION-FUNCTION-NAME)
       Context: (FDEFINITION 'USER-MAIN-PACKAGE::FDEFINITION-FUNCTION-NAME)
      
       Processing list form
        Form: 'USER-MAIN-PACKAGE::FDEFINITION-FUNCTION-NAME
         Context: ('USER-MAIN-PACKAGE::FDEFINITION-FUNCTION-NAME)
        
         Processing list form
          Form: (USER-MAIN-PACKAGE::FDEFINITION-FUNCTION-NAME)
           Context: 'USER-MAIN-PACKAGE::FDEFINITION-FUNCTION-NAME
          
           Processing list form
            Form: USER-MAIN-PACKAGE::FDEFINITION-FUNCTION-NAME
             Context: (USER-MAIN-PACKAGE::FDEFINITION-FUNCTION-NAME)
            
    Form: ((LAMBDA () 0))
     Context: ((FDEFINITION 'USER-MAIN-PACKAGE::FDEFINITION-FUNCTION-NAME)
               (LAMBDA () 0))
    
     Processing list form
      Form: (LAMBDA () 0)
       Context: ((LAMBDA () 0))
      
       Processing list form
        Form: (NIL 0)
         Context: (LAMBDA () 0)
        
         Processing list form
          Form: (0)
           Context: (NIL 0)
          
           Processing list form

Form: (DEFSTRUCT USER-MAIN-PACKAGE::CIRCLE
        (USER-MAIN-PACKAGE::RADIUS 1 :TYPE NUMBER))

 Processing list form
  Form: (USER-MAIN-PACKAGE::CIRCLE (USER-MAIN-PACKAGE::RADIUS 1 :TYPE NUMBER))
   Context: (DEFSTRUCT USER-MAIN-PACKAGE::CIRCLE
              (USER-MAIN-PACKAGE::RADIUS 1 :TYPE NUMBER))
  
   Processing list form
    Form: USER-MAIN-PACKAGE::CIRCLE
     Context: (USER-MAIN-PACKAGE::CIRCLE
               (USER-MAIN-PACKAGE::RADIUS 1 :TYPE NUMBER))
    
    Form: ((USER-MAIN-PACKAGE::RADIUS 1 :TYPE NUMBER))
     Context: (USER-MAIN-PACKAGE::CIRCLE
               (USER-MAIN-PACKAGE::RADIUS 1 :TYPE NUMBER))
    
     Processing list form
      Form: (USER-MAIN-PACKAGE::RADIUS 1 :TYPE NUMBER)
       Context: ((USER-MAIN-PACKAGE::RADIUS 1 :TYPE NUMBER))
      
       Processing list form
        Form: USER-MAIN-PACKAGE::RADIUS
         Context: (USER-MAIN-PACKAGE::RADIUS 1 :TYPE NUMBER)
        
        Form: (1 :TYPE NUMBER)
         Context: (USER-MAIN-PACKAGE::RADIUS 1 :TYPE NUMBER)
        
         Processing list form
          Form: (:TYPE NUMBER)
           Context: (1 :TYPE NUMBER)
          
           Processing list form
            Form: (NUMBER)
             Context: (:TYPE NUMBER)
            
             Processing list form

Form: (DEFSTRUCT
          (USER-MAIN-PACKAGE::PERSON (:CONC-NAME USER-MAIN-PACKAGE::PERSON.))
        (USER-MAIN-PACKAGE::AGE 0 :TYPE FIXNUM))

 Processing list form
  Form: ((USER-MAIN-PACKAGE::PERSON (:CONC-NAME USER-MAIN-PACKAGE::PERSON.))
         (USER-MAIN-PACKAGE::AGE 0 :TYPE FIXNUM))
   Context: (DEFSTRUCT
                (USER-MAIN-PACKAGE::PERSON
                 (:CONC-NAME USER-MAIN-PACKAGE::PERSON.))
              (USER-MAIN-PACKAGE::AGE 0 :TYPE FIXNUM))
  
   Processing list form
    Form: (USER-MAIN-PACKAGE::PERSON (:CONC-NAME USER-MAIN-PACKAGE::PERSON.))
     Context: ((USER-MAIN-PACKAGE::PERSON
                (:CONC-NAME USER-MAIN-PACKAGE::PERSON.))
               (USER-MAIN-PACKAGE::AGE 0 :TYPE FIXNUM))
    
     Processing list form
      Form: USER-MAIN-PACKAGE::PERSON
       Context: (USER-MAIN-PACKAGE::PERSON
                 (:CONC-NAME USER-MAIN-PACKAGE::PERSON.))
      
      Form: ((:CONC-NAME USER-MAIN-PACKAGE::PERSON.))
       Context: (USER-MAIN-PACKAGE::PERSON
                 (:CONC-NAME USER-MAIN-PACKAGE::PERSON.))
      
       Processing list form
        Form: (:CONC-NAME USER-MAIN-PACKAGE::PERSON.)
         Context: ((:CONC-NAME USER-MAIN-PACKAGE::PERSON.))
        
         Processing list form
          Form: (USER-MAIN-PACKAGE::PERSON.)
           Context: (:CONC-NAME USER-MAIN-PACKAGE::PERSON.)
          
           Processing list form
            Form: USER-MAIN-PACKAGE::PERSON.
             Context: (USER-MAIN-PACKAGE::PERSON.)
            
    Form: ((USER-MAIN-PACKAGE::AGE 0 :TYPE FIXNUM))
     Context: ((USER-MAIN-PACKAGE::PERSON
                (:CONC-NAME USER-MAIN-PACKAGE::PERSON.))
               (USER-MAIN-PACKAGE::AGE 0 :TYPE FIXNUM))
    
     Processing list form
      Form: (USER-MAIN-PACKAGE::AGE 0 :TYPE FIXNUM)
       Context: ((USER-MAIN-PACKAGE::AGE 0 :TYPE FIXNUM))
      
       Processing list form
        Form: USER-MAIN-PACKAGE::AGE
         Context: (USER-MAIN-PACKAGE::AGE 0 :TYPE FIXNUM)
        
        Form: (0 :TYPE FIXNUM)
         Context: (USER-MAIN-PACKAGE::AGE 0 :TYPE FIXNUM)
        
         Processing list form
          Form: (:TYPE FIXNUM)
           Context: (0 :TYPE FIXNUM)
          
           Processing list form
            Form: (FIXNUM)
             Context: (:TYPE FIXNUM)
            
             Processing list form

Form: (DEFGENERIC USER-MAIN-PACKAGE::COMPUTE-AREA
          (USER-MAIN-PACKAGE::SHAPE)
        (:DOCUMENTATION "Compute the area of different geometric shapes"))

 Processing list form
  Form: (USER-MAIN-PACKAGE::COMPUTE-AREA (USER-MAIN-PACKAGE::SHAPE)
         (:DOCUMENTATION "Compute the area of different geometric shapes"))
   Context: (DEFGENERIC USER-MAIN-PACKAGE::COMPUTE-AREA
                (USER-MAIN-PACKAGE::SHAPE)
              (:DOCUMENTATION "Compute the area of different geometric shapes"))
  
   Processing list form
    Form: USER-MAIN-PACKAGE::COMPUTE-AREA
     Context: (USER-MAIN-PACKAGE::COMPUTE-AREA (USER-MAIN-PACKAGE::SHAPE)
               (:DOCUMENTATION
                "Compute the area of different geometric shapes"))
    
    Form: ((USER-MAIN-PACKAGE::SHAPE)
           (:DOCUMENTATION "Compute the area of different geometric shapes"))
     Context: (USER-MAIN-PACKAGE::COMPUTE-AREA (USER-MAIN-PACKAGE::SHAPE)
               (:DOCUMENTATION
                "Compute the area of different geometric shapes"))
    
     Processing list form
      Form: (USER-MAIN-PACKAGE::SHAPE)
       Context: ((USER-MAIN-PACKAGE::SHAPE)
                 (:DOCUMENTATION
                  "Compute the area of different geometric shapes"))
      
       Processing list form
        Form: USER-MAIN-PACKAGE::SHAPE
         Context: (USER-MAIN-PACKAGE::SHAPE)
        
      Form: ((:DOCUMENTATION "Compute the area of different geometric shapes"))
       Context: ((USER-MAIN-PACKAGE::SHAPE)
                 (:DOCUMENTATION
                  "Compute the area of different geometric shapes"))
      
       Processing list form
        Form: (:DOCUMENTATION "Compute the area of different geometric shapes")
         Context: ((:DOCUMENTATION
                    "Compute the area of different geometric shapes"))
        
         Processing list form
          Form: ("Compute the area of different geometric shapes")
           Context: (:DOCUMENTATION
                     "Compute the area of different geometric shapes")
          
           Processing list form
             Processing array
              Form: #\C
               Context: "Compute the area of different geometric shapes"
              
              Form: #\o
               Context: "Compute the area of different geometric shapes"
              
              Form: #\m
               Context: "Compute the area of different geometric shapes"
              
              Form: #\p
               Context: "Compute the area of different geometric shapes"
              
              Form: #\u
               Context: "Compute the area of different geometric shapes"
              
              Form: #\t
               Context: "Compute the area of different geometric shapes"
              
              Form: #\e
               Context: "Compute the area of different geometric shapes"
              
              Form: #\ 
               Context: "Compute the area of different geometric shapes"
              
              Form: #\t
               Context: "Compute the area of different geometric shapes"
              
              Form: #\h
               Context: "Compute the area of different geometric shapes"
              
              Form: #\e
               Context: "Compute the area of different geometric shapes"
              
              Form: #\ 
               Context: "Compute the area of different geometric shapes"
              
              Form: #\a
               Context: "Compute the area of different geometric shapes"
              
              Form: #\r
               Context: "Compute the area of different geometric shapes"
              
              Form: #\e
               Context: "Compute the area of different geometric shapes"
              
              Form: #\a
               Context: "Compute the area of different geometric shapes"
              
              Form: #\ 
               Context: "Compute the area of different geometric shapes"
              
              Form: #\o
               Context: "Compute the area of different geometric shapes"
              
              Form: #\f
               Context: "Compute the area of different geometric shapes"
              
              Form: #\ 
               Context: "Compute the area of different geometric shapes"
              
              Form: #\d
               Context: "Compute the area of different geometric shapes"
              
              Form: #\i
               Context: "Compute the area of different geometric shapes"
              
              Form: #\f
               Context: "Compute the area of different geometric shapes"
              
              Form: #\f
               Context: "Compute the area of different geometric shapes"
              
              Form: #\e
               Context: "Compute the area of different geometric shapes"
              
              Form: #\r
               Context: "Compute the area of different geometric shapes"
              
              Form: #\e
               Context: "Compute the area of different geometric shapes"
              
              Form: #\n
               Context: "Compute the area of different geometric shapes"
              
              Form: #\t
               Context: "Compute the area of different geometric shapes"
              
              Form: #\ 
               Context: "Compute the area of different geometric shapes"
              
              Form: #\g
               Context: "Compute the area of different geometric shapes"
              
              Form: #\e
               Context: "Compute the area of different geometric shapes"
              
              Form: #\o
               Context: "Compute the area of different geometric shapes"
              
              Form: #\m
               Context: "Compute the area of different geometric shapes"
              
              Form: #\e
               Context: "Compute the area of different geometric shapes"
              
              Form: #\t
               Context: "Compute the area of different geometric shapes"
              
              Form: #\r
               Context: "Compute the area of different geometric shapes"
              
              Form: #\i
               Context: "Compute the area of different geometric shapes"
              
              Form: #\c
               Context: "Compute the area of different geometric shapes"
              
              Form: #\ 
               Context: "Compute the area of different geometric shapes"
              
              Form: #\s
               Context: "Compute the area of different geometric shapes"
              
              Form: #\h
               Context: "Compute the area of different geometric shapes"
              
              Form: #\a
               Context: "Compute the area of different geometric shapes"
              
              Form: #\p
               Context: "Compute the area of different geometric shapes"
              
              Form: #\e
               Context: "Compute the area of different geometric shapes"
              
              Form: #\s
               Context: "Compute the area of different geometric shapes"
              

Form: (DEFMETHOD USER-MAIN-PACKAGE::COMPUTE-AREA
                 ((USER-MAIN-PACKAGE::SHAPE USER-MAIN-PACKAGE::CIRCLE))
        (* PI
           (EXPT (USER-MAIN-PACKAGE::CIRCLE-RADIUS USER-MAIN-PACKAGE::SHAPE)
                 2)))

 Processing list form
  Form: (USER-MAIN-PACKAGE::COMPUTE-AREA
         ((USER-MAIN-PACKAGE::SHAPE USER-MAIN-PACKAGE::CIRCLE))
         (* PI
            (EXPT (USER-MAIN-PACKAGE::CIRCLE-RADIUS USER-MAIN-PACKAGE::SHAPE)
                  2)))
   Context: (DEFMETHOD USER-MAIN-PACKAGE::COMPUTE-AREA
                       ((USER-MAIN-PACKAGE::SHAPE USER-MAIN-PACKAGE::CIRCLE))
              (* PI
                 (EXPT
                  (USER-MAIN-PACKAGE::CIRCLE-RADIUS USER-MAIN-PACKAGE::SHAPE)
                  2)))
  
   Processing list form
    Form: USER-MAIN-PACKAGE::COMPUTE-AREA
     Context: (USER-MAIN-PACKAGE::COMPUTE-AREA
               ((USER-MAIN-PACKAGE::SHAPE USER-MAIN-PACKAGE::CIRCLE))
               (* PI
                  (EXPT
                   (USER-MAIN-PACKAGE::CIRCLE-RADIUS USER-MAIN-PACKAGE::SHAPE)
                   2)))
    
    Form: (((USER-MAIN-PACKAGE::SHAPE USER-MAIN-PACKAGE::CIRCLE))
           (* PI
              (EXPT (USER-MAIN-PACKAGE::CIRCLE-RADIUS USER-MAIN-PACKAGE::SHAPE)
                    2)))
     Context: (USER-MAIN-PACKAGE::COMPUTE-AREA
               ((USER-MAIN-PACKAGE::SHAPE USER-MAIN-PACKAGE::CIRCLE))
               (* PI
                  (EXPT
                   (USER-MAIN-PACKAGE::CIRCLE-RADIUS USER-MAIN-PACKAGE::SHAPE)
                   2)))
    
     Processing list form
      Form: ((USER-MAIN-PACKAGE::SHAPE USER-MAIN-PACKAGE::CIRCLE))
       Context: (((USER-MAIN-PACKAGE::SHAPE USER-MAIN-PACKAGE::CIRCLE))
                 (* PI
                    (EXPT
                     (USER-MAIN-PACKAGE::CIRCLE-RADIUS
                      USER-MAIN-PACKAGE::SHAPE)
                     2)))
      
       Processing list form
        Form: (USER-MAIN-PACKAGE::SHAPE USER-MAIN-PACKAGE::CIRCLE)
         Context: ((USER-MAIN-PACKAGE::SHAPE USER-MAIN-PACKAGE::CIRCLE))
        
         Processing list form
          Form: USER-MAIN-PACKAGE::SHAPE
           Context: (USER-MAIN-PACKAGE::SHAPE USER-MAIN-PACKAGE::CIRCLE)
          
          Form: (USER-MAIN-PACKAGE::CIRCLE)
           Context: (USER-MAIN-PACKAGE::SHAPE USER-MAIN-PACKAGE::CIRCLE)
          
           Processing list form
            Form: USER-MAIN-PACKAGE::CIRCLE
             Context: (USER-MAIN-PACKAGE::CIRCLE)
            
      Form: ((* PI
                (EXPT
                 (USER-MAIN-PACKAGE::CIRCLE-RADIUS USER-MAIN-PACKAGE::SHAPE)
                 2)))
       Context: (((USER-MAIN-PACKAGE::SHAPE USER-MAIN-PACKAGE::CIRCLE))
                 (* PI
                    (EXPT
                     (USER-MAIN-PACKAGE::CIRCLE-RADIUS
                      USER-MAIN-PACKAGE::SHAPE)
                     2)))
      
       Processing list form
        Form: (* PI
                 (EXPT
                  (USER-MAIN-PACKAGE::CIRCLE-RADIUS USER-MAIN-PACKAGE::SHAPE)
                  2))
         Context: ((* PI
                      (EXPT
                       (USER-MAIN-PACKAGE::CIRCLE-RADIUS
                        USER-MAIN-PACKAGE::SHAPE)
                       2)))
        
         Processing list form
          Form: (PI
                 (EXPT
                  (USER-MAIN-PACKAGE::CIRCLE-RADIUS USER-MAIN-PACKAGE::SHAPE)
                  2))
           Context: (* PI
                       (EXPT
                        (USER-MAIN-PACKAGE::CIRCLE-RADIUS
                         USER-MAIN-PACKAGE::SHAPE)
                        2))
          
           Processing list form
            Form: ((EXPT
                    (USER-MAIN-PACKAGE::CIRCLE-RADIUS USER-MAIN-PACKAGE::SHAPE)
                    2))
             Context: (PI
                       (EXPT
                        (USER-MAIN-PACKAGE::CIRCLE-RADIUS
                         USER-MAIN-PACKAGE::SHAPE)
                        2))
            
             Processing list form
              Form: (EXPT
                     (USER-MAIN-PACKAGE::CIRCLE-RADIUS
                      USER-MAIN-PACKAGE::SHAPE)
                     2)
               Context: ((EXPT
                          (USER-MAIN-PACKAGE::CIRCLE-RADIUS
                           USER-MAIN-PACKAGE::SHAPE)
                          2))
              
               Processing list form
                Form: ((USER-MAIN-PACKAGE::CIRCLE-RADIUS
                        USER-MAIN-PACKAGE::SHAPE)
                       2)
                 Context: (EXPT
                           (USER-MAIN-PACKAGE::CIRCLE-RADIUS
                            USER-MAIN-PACKAGE::SHAPE)
                           2)
                
                 Processing list form
                  Form: (USER-MAIN-PACKAGE::CIRCLE-RADIUS
                         USER-MAIN-PACKAGE::SHAPE)
                   Context: ((USER-MAIN-PACKAGE::CIRCLE-RADIUS
                              USER-MAIN-PACKAGE::SHAPE)
                             2)
                  
                   Processing list form
                    Form: USER-MAIN-PACKAGE::CIRCLE-RADIUS
                     Context: (USER-MAIN-PACKAGE::CIRCLE-RADIUS
                               USER-MAIN-PACKAGE::SHAPE)
                    
                    Form: (USER-MAIN-PACKAGE::SHAPE)
                     Context: (USER-MAIN-PACKAGE::CIRCLE-RADIUS
                               USER-MAIN-PACKAGE::SHAPE)
                    
                     Processing list form
                      Form: USER-MAIN-PACKAGE::SHAPE
                       Context: (USER-MAIN-PACKAGE::SHAPE)
                      
                  Form: (2)
                   Context: ((USER-MAIN-PACKAGE::CIRCLE-RADIUS
                              USER-MAIN-PACKAGE::SHAPE)
                             2)
                  
                   Processing list form

Form: (DEFGENERIC USER-MAIN-PACKAGE::PROCESS-DATA
          (USER-MAIN-PACKAGE::DATA &KEY)
        (:DOCUMENTATION "Process data with various methods"))

 Processing list form
  Form: (USER-MAIN-PACKAGE::PROCESS-DATA (USER-MAIN-PACKAGE::DATA &KEY)
         (:DOCUMENTATION "Process data with various methods"))
   Context: (DEFGENERIC USER-MAIN-PACKAGE::PROCESS-DATA
                (USER-MAIN-PACKAGE::DATA &KEY)
              (:DOCUMENTATION "Process data with various methods"))
  
   Processing list form
    Form: USER-MAIN-PACKAGE::PROCESS-DATA
     Context: (USER-MAIN-PACKAGE::PROCESS-DATA (USER-MAIN-PACKAGE::DATA &KEY)
               (:DOCUMENTATION "Process data with various methods"))
    
    Form: ((USER-MAIN-PACKAGE::DATA &KEY)
           (:DOCUMENTATION "Process data with various methods"))
     Context: (USER-MAIN-PACKAGE::PROCESS-DATA (USER-MAIN-PACKAGE::DATA &KEY)
               (:DOCUMENTATION "Process data with various methods"))
    
     Processing list form
      Form: (USER-MAIN-PACKAGE::DATA &KEY)
       Context: ((USER-MAIN-PACKAGE::DATA &KEY)
                 (:DOCUMENTATION "Process data with various methods"))
      
       Processing list form
        Form: USER-MAIN-PACKAGE::DATA
         Context: (USER-MAIN-PACKAGE::DATA &KEY)
        
        Form: (&KEY)
         Context: (USER-MAIN-PACKAGE::DATA &KEY)
        
         Processing list form
      Form: ((:DOCUMENTATION "Process data with various methods"))
       Context: ((USER-MAIN-PACKAGE::DATA &KEY)
                 (:DOCUMENTATION "Process data with various methods"))
      
       Processing list form
        Form: (:DOCUMENTATION "Process data with various methods")
         Context: ((:DOCUMENTATION "Process data with various methods"))
        
         Processing list form
          Form: ("Process data with various methods")
           Context: (:DOCUMENTATION "Process data with various methods")
          
           Processing list form
             Processing array
              Form: #\P
               Context: "Process data with various methods"
              
              Form: #\r
               Context: "Process data with various methods"
              
              Form: #\o
               Context: "Process data with various methods"
              
              Form: #\c
               Context: "Process data with various methods"
              
              Form: #\e
               Context: "Process data with various methods"
              
              Form: #\s
               Context: "Process data with various methods"
              
              Form: #\s
               Context: "Process data with various methods"
              
              Form: #\ 
               Context: "Process data with various methods"
              
              Form: #\d
               Context: "Process data with various methods"
              
              Form: #\a
               Context: "Process data with various methods"
              
              Form: #\t
               Context: "Process data with various methods"
              
              Form: #\a
               Context: "Process data with various methods"
              
              Form: #\ 
               Context: "Process data with various methods"
              
              Form: #\w
               Context: "Process data with various methods"
              
              Form: #\i
               Context: "Process data with various methods"
              
              Form: #\t
               Context: "Process data with various methods"
              
              Form: #\h
               Context: "Process data with various methods"
              
              Form: #\ 
               Context: "Process data with various methods"
              
              Form: #\v
               Context: "Process data with various methods"
              
              Form: #\a
               Context: "Process data with various methods"
              
              Form: #\r
               Context: "Process data with various methods"
              
              Form: #\i
               Context: "Process data with various methods"
              
              Form: #\o
               Context: "Process data with various methods"
              
              Form: #\u
               Context: "Process data with various methods"
              
              Form: #\s
               Context: "Process data with various methods"
              
              Form: #\ 
               Context: "Process data with various methods"
              
              Form: #\m
               Context: "Process data with various methods"
              
              Form: #\e
               Context: "Process data with various methods"
              
              Form: #\t
               Context: "Process data with various methods"
              
              Form: #\h
               Context: "Process data with various methods"
              
              Form: #\o
               Context: "Process data with various methods"
              
              Form: #\d
               Context: "Process data with various methods"
              
              Form: #\s
               Context: "Process data with various methods"
              

Form: (DEFMETHOD USER-MAIN-PACKAGE::PROCESS-DATA
                 ((USER-MAIN-PACKAGE::DATA STRING) &KEY)
        (STRING-UPCASE USER-MAIN-PACKAGE::DATA))

 Processing list form
  Form: (USER-MAIN-PACKAGE::PROCESS-DATA
         ((USER-MAIN-PACKAGE::DATA STRING) &KEY)
         (STRING-UPCASE USER-MAIN-PACKAGE::DATA))
   Context: (DEFMETHOD USER-MAIN-PACKAGE::PROCESS-DATA
                       ((USER-MAIN-PACKAGE::DATA STRING) &KEY)
              (STRING-UPCASE USER-MAIN-PACKAGE::DATA))
  
   Processing list form
    Form: USER-MAIN-PACKAGE::PROCESS-DATA
     Context: (USER-MAIN-PACKAGE::PROCESS-DATA
               ((USER-MAIN-PACKAGE::DATA STRING) &KEY)
               (STRING-UPCASE USER-MAIN-PACKAGE::DATA))
    
    Form: (((USER-MAIN-PACKAGE::DATA STRING) &KEY)
           (STRING-UPCASE USER-MAIN-PACKAGE::DATA))
     Context: (USER-MAIN-PACKAGE::PROCESS-DATA
               ((USER-MAIN-PACKAGE::DATA STRING) &KEY)
               (STRING-UPCASE USER-MAIN-PACKAGE::DATA))
    
     Processing list form
      Form: ((USER-MAIN-PACKAGE::DATA STRING) &KEY)
       Context: (((USER-MAIN-PACKAGE::DATA STRING) &KEY)
                 (STRING-UPCASE USER-MAIN-PACKAGE::DATA))
      
       Processing list form
        Form: (USER-MAIN-PACKAGE::DATA STRING)
         Context: ((USER-MAIN-PACKAGE::DATA STRING) &KEY)
        
         Processing list form
          Form: USER-MAIN-PACKAGE::DATA
           Context: (USER-MAIN-PACKAGE::DATA STRING)
          
          Form: (STRING)
           Context: (USER-MAIN-PACKAGE::DATA STRING)
          
           Processing list form
        Form: (&KEY)
         Context: ((USER-MAIN-PACKAGE::DATA STRING) &KEY)
        
         Processing list form
      Form: ((STRING-UPCASE USER-MAIN-PACKAGE::DATA))
       Context: (((USER-MAIN-PACKAGE::DATA STRING) &KEY)
                 (STRING-UPCASE USER-MAIN-PACKAGE::DATA))
      
       Processing list form
        Form: (STRING-UPCASE USER-MAIN-PACKAGE::DATA)
         Context: ((STRING-UPCASE USER-MAIN-PACKAGE::DATA))
        
         Processing list form
          Form: (USER-MAIN-PACKAGE::DATA)
           Context: (STRING-UPCASE USER-MAIN-PACKAGE::DATA)
          
           Processing list form
            Form: USER-MAIN-PACKAGE::DATA
             Context: (USER-MAIN-PACKAGE::DATA)
            

Form: (DEFMETHOD USER-MAIN-PACKAGE::PROCESS-DATA :LOGGING
                 ((USER-MAIN-PACKAGE::DATA STRING) &KEY)
        (FORMAT NIL "LOG: ~A" USER-MAIN-PACKAGE::DATA))

 Processing list form
  Form: (USER-MAIN-PACKAGE::PROCESS-DATA :LOGGING
         ((USER-MAIN-PACKAGE::DATA STRING) &KEY)
         (FORMAT NIL "LOG: ~A" USER-MAIN-PACKAGE::DATA))
   Context: (DEFMETHOD USER-MAIN-PACKAGE::PROCESS-DATA :LOGGING
                       ((USER-MAIN-PACKAGE::DATA STRING) &KEY)
              (FORMAT NIL "LOG: ~A" USER-MAIN-PACKAGE::DATA))
  
   Processing list form
    Form: USER-MAIN-PACKAGE::PROCESS-DATA
     Context: (USER-MAIN-PACKAGE::PROCESS-DATA :LOGGING
               ((USER-MAIN-PACKAGE::DATA STRING) &KEY)
               (FORMAT NIL "LOG: ~A" USER-MAIN-PACKAGE::DATA))
    
    Form: (:LOGGING ((USER-MAIN-PACKAGE::DATA STRING) &KEY)
           (FORMAT NIL "LOG: ~A" USER-MAIN-PACKAGE::DATA))
     Context: (USER-MAIN-PACKAGE::PROCESS-DATA :LOGGING
               ((USER-MAIN-PACKAGE::DATA STRING) &KEY)
               (FORMAT NIL "LOG: ~A" USER-MAIN-PACKAGE::DATA))
    
     Processing list form
      Form: (((USER-MAIN-PACKAGE::DATA STRING) &KEY)
             (FORMAT NIL "LOG: ~A" USER-MAIN-PACKAGE::DATA))
       Context: (:LOGGING ((USER-MAIN-PACKAGE::DATA STRING) &KEY)
                 (FORMAT NIL "LOG: ~A" USER-MAIN-PACKAGE::DATA))
      
       Processing list form
        Form: ((USER-MAIN-PACKAGE::DATA STRING) &KEY)
         Context: (((USER-MAIN-PACKAGE::DATA STRING) &KEY)
                   (FORMAT NIL "LOG: ~A" USER-MAIN-PACKAGE::DATA))
        
         Processing list form
          Form: (USER-MAIN-PACKAGE::DATA STRING)
           Context: ((USER-MAIN-PACKAGE::DATA STRING) &KEY)
          
           Processing list form
            Form: USER-MAIN-PACKAGE::DATA
             Context: (USER-MAIN-PACKAGE::DATA STRING)
            
            Form: (STRING)
             Context: (USER-MAIN-PACKAGE::DATA STRING)
            
             Processing list form
          Form: (&KEY)
           Context: ((USER-MAIN-PACKAGE::DATA STRING) &KEY)
          
           Processing list form
        Form: ((FORMAT NIL "LOG: ~A" USER-MAIN-PACKAGE::DATA))
         Context: (((USER-MAIN-PACKAGE::DATA STRING) &KEY)
                   (FORMAT NIL "LOG: ~A" USER-MAIN-PACKAGE::DATA))
        
         Processing list form
          Form: (FORMAT NIL "LOG: ~A" USER-MAIN-PACKAGE::DATA)
           Context: ((FORMAT NIL "LOG: ~A" USER-MAIN-PACKAGE::DATA))
          
           Processing list form
            Form: (NIL "LOG: ~A" USER-MAIN-PACKAGE::DATA)
             Context: (FORMAT NIL "LOG: ~A" USER-MAIN-PACKAGE::DATA)
            
             Processing list form
              Form: ("LOG: ~A" USER-MAIN-PACKAGE::DATA)
               Context: (NIL "LOG: ~A" USER-MAIN-PACKAGE::DATA)
              
               Processing list form
                 Processing array
                  Form: #\L
                   Context: "LOG: ~A"
                  
                  Form: #\O
                   Context: "LOG: ~A"
                  
                  Form: #\G
                   Context: "LOG: ~A"
                  
                  Form: #\:
                   Context: "LOG: ~A"
                  
                  Form: #\ 
                   Context: "LOG: ~A"
                  
                  Form: #\~
                   Context: "LOG: ~A"
                  
                  Form: #\A
                   Context: "LOG: ~A"
                  
                Form: (USER-MAIN-PACKAGE::DATA)
                 Context: ("LOG: ~A" USER-MAIN-PACKAGE::DATA)
                
                 Processing list form
                  Form: USER-MAIN-PACKAGE::DATA
                   Context: (USER-MAIN-PACKAGE::DATA)
                  

Form: (DEFMETHOD USER-MAIN-PACKAGE::PROCESS-DATA
                 ((USER-MAIN-PACKAGE::DATA NUMBER) &KEY)
        (1+ USER-MAIN-PACKAGE::DATA))

 Processing list form
  Form: (USER-MAIN-PACKAGE::PROCESS-DATA
         ((USER-MAIN-PACKAGE::DATA NUMBER) &KEY) (1+ USER-MAIN-PACKAGE::DATA))
   Context: (DEFMETHOD USER-MAIN-PACKAGE::PROCESS-DATA
                       ((USER-MAIN-PACKAGE::DATA NUMBER) &KEY)
              (1+ USER-MAIN-PACKAGE::DATA))
  
   Processing list form
    Form: USER-MAIN-PACKAGE::PROCESS-DATA
     Context: (USER-MAIN-PACKAGE::PROCESS-DATA
               ((USER-MAIN-PACKAGE::DATA NUMBER) &KEY)
               (1+ USER-MAIN-PACKAGE::DATA))
    
    Form: (((USER-MAIN-PACKAGE::DATA NUMBER) &KEY) (1+ USER-MAIN-PACKAGE::DATA))
     Context: (USER-MAIN-PACKAGE::PROCESS-DATA
               ((USER-MAIN-PACKAGE::DATA NUMBER) &KEY)
               (1+ USER-MAIN-PACKAGE::DATA))
    
     Processing list form
      Form: ((USER-MAIN-PACKAGE::DATA NUMBER) &KEY)
       Context: (((USER-MAIN-PACKAGE::DATA NUMBER) &KEY)
                 (1+ USER-MAIN-PACKAGE::DATA))
      
       Processing list form
        Form: (USER-MAIN-PACKAGE::DATA NUMBER)
         Context: ((USER-MAIN-PACKAGE::DATA NUMBER) &KEY)
        
         Processing list form
          Form: USER-MAIN-PACKAGE::DATA
           Context: (USER-MAIN-PACKAGE::DATA NUMBER)
          
          Form: (NUMBER)
           Context: (USER-MAIN-PACKAGE::DATA NUMBER)
          
           Processing list form
        Form: (&KEY)
         Context: ((USER-MAIN-PACKAGE::DATA NUMBER) &KEY)
        
         Processing list form
      Form: ((1+ USER-MAIN-PACKAGE::DATA))
       Context: (((USER-MAIN-PACKAGE::DATA NUMBER) &KEY)
                 (1+ USER-MAIN-PACKAGE::DATA))
      
       Processing list form
        Form: (1+ USER-MAIN-PACKAGE::DATA)
         Context: ((1+ USER-MAIN-PACKAGE::DATA))
        
         Processing list form
          Form: (USER-MAIN-PACKAGE::DATA)
           Context: (1+ USER-MAIN-PACKAGE::DATA)
          
           Processing list form
            Form: USER-MAIN-PACKAGE::DATA
             Context: (USER-MAIN-PACKAGE::DATA)
            

Form: (DEFMACRO USER-MAIN-PACKAGE::DEFMACRO-NAME () 0)

 Processing list form
  Form: (USER-MAIN-PACKAGE::DEFMACRO-NAME NIL 0)
   Context: (DEFMACRO USER-MAIN-PACKAGE::DEFMACRO-NAME () 0)
  
   Processing list form
    Form: USER-MAIN-PACKAGE::DEFMACRO-NAME
     Context: (USER-MAIN-PACKAGE::DEFMACRO-NAME NIL 0)
    
    Form: (NIL 0)
     Context: (USER-MAIN-PACKAGE::DEFMACRO-NAME NIL 0)
    
     Processing list form
      Form: (0)
       Context: (NIL 0)
      
       Processing list form

Form: (SETF (MACRO-FUNCTION 'USER-MAIN-PACKAGE::MACRO-FUNCTION-NAME)
              (LAMBDA (USER-MAIN-PACKAGE::FORM USER-MAIN-PACKAGE::ENV)
                USER-MAIN-PACKAGE::FORM
                USER-MAIN-PACKAGE::ENV
                0))

 Processing list form
  Form: ((MACRO-FUNCTION 'USER-MAIN-PACKAGE::MACRO-FUNCTION-NAME)
         (LAMBDA (USER-MAIN-PACKAGE::FORM USER-MAIN-PACKAGE::ENV)
           USER-MAIN-PACKAGE::FORM
           USER-MAIN-PACKAGE::ENV
           0))
   Context: (SETF (MACRO-FUNCTION 'USER-MAIN-PACKAGE::MACRO-FUNCTION-NAME)
                    (LAMBDA (USER-MAIN-PACKAGE::FORM USER-MAIN-PACKAGE::ENV)
                      USER-MAIN-PACKAGE::FORM
                      USER-MAIN-PACKAGE::ENV
                      0))
  
   Processing list form
    Form: (MACRO-FUNCTION 'USER-MAIN-PACKAGE::MACRO-FUNCTION-NAME)
     Context: ((MACRO-FUNCTION 'USER-MAIN-PACKAGE::MACRO-FUNCTION-NAME)
               (LAMBDA (USER-MAIN-PACKAGE::FORM USER-MAIN-PACKAGE::ENV)
                 USER-MAIN-PACKAGE::FORM
                 USER-MAIN-PACKAGE::ENV
                 0))
    
     Processing list form
      Form: ('USER-MAIN-PACKAGE::MACRO-FUNCTION-NAME)
       Context: (MACRO-FUNCTION 'USER-MAIN-PACKAGE::MACRO-FUNCTION-NAME)
      
       Processing list form
        Form: 'USER-MAIN-PACKAGE::MACRO-FUNCTION-NAME
         Context: ('USER-MAIN-PACKAGE::MACRO-FUNCTION-NAME)
        
         Processing list form
          Form: (USER-MAIN-PACKAGE::MACRO-FUNCTION-NAME)
           Context: 'USER-MAIN-PACKAGE::MACRO-FUNCTION-NAME
          
           Processing list form
            Form: USER-MAIN-PACKAGE::MACRO-FUNCTION-NAME
             Context: (USER-MAIN-PACKAGE::MACRO-FUNCTION-NAME)
            
    Form: ((LAMBDA (USER-MAIN-PACKAGE::FORM USER-MAIN-PACKAGE::ENV)
             USER-MAIN-PACKAGE::FORM
             USER-MAIN-PACKAGE::ENV
             0))
     Context: ((MACRO-FUNCTION 'USER-MAIN-PACKAGE::MACRO-FUNCTION-NAME)
               (LAMBDA (USER-MAIN-PACKAGE::FORM USER-MAIN-PACKAGE::ENV)
                 USER-MAIN-PACKAGE::FORM
                 USER-MAIN-PACKAGE::ENV
                 0))
    
     Processing list form
      Form: (LAMBDA (USER-MAIN-PACKAGE::FORM USER-MAIN-PACKAGE::ENV)
              USER-MAIN-PACKAGE::FORM
              USER-MAIN-PACKAGE::ENV
              0)
       Context: ((LAMBDA (USER-MAIN-PACKAGE::FORM USER-MAIN-PACKAGE::ENV)
                   USER-MAIN-PACKAGE::FORM
                   USER-MAIN-PACKAGE::ENV
                   0))
      
       Processing list form
        Form: ((USER-MAIN-PACKAGE::FORM USER-MAIN-PACKAGE::ENV)
               USER-MAIN-PACKAGE::FORM USER-MAIN-PACKAGE::ENV 0)
         Context: (LAMBDA (USER-MAIN-PACKAGE::FORM USER-MAIN-PACKAGE::ENV)
                    USER-MAIN-PACKAGE::FORM
                    USER-MAIN-PACKAGE::ENV
                    0)
        
         Processing list form
          Form: (USER-MAIN-PACKAGE::FORM USER-MAIN-PACKAGE::ENV)
           Context: ((USER-MAIN-PACKAGE::FORM USER-MAIN-PACKAGE::ENV)
                     USER-MAIN-PACKAGE::FORM USER-MAIN-PACKAGE::ENV 0)
          
           Processing list form
            Form: USER-MAIN-PACKAGE::FORM
             Context: (USER-MAIN-PACKAGE::FORM USER-MAIN-PACKAGE::ENV)
            
            Form: (USER-MAIN-PACKAGE::ENV)
             Context: (USER-MAIN-PACKAGE::FORM USER-MAIN-PACKAGE::ENV)
            
             Processing list form
              Form: USER-MAIN-PACKAGE::ENV
               Context: (USER-MAIN-PACKAGE::ENV)
              
          Form: (USER-MAIN-PACKAGE::FORM USER-MAIN-PACKAGE::ENV 0)
           Context: ((USER-MAIN-PACKAGE::FORM USER-MAIN-PACKAGE::ENV)
                     USER-MAIN-PACKAGE::FORM USER-MAIN-PACKAGE::ENV 0)
          
           Processing list form
            Form: USER-MAIN-PACKAGE::FORM
             Context: (USER-MAIN-PACKAGE::FORM USER-MAIN-PACKAGE::ENV 0)
            
            Form: (USER-MAIN-PACKAGE::ENV 0)
             Context: (USER-MAIN-PACKAGE::FORM USER-MAIN-PACKAGE::ENV 0)
            
             Processing list form
              Form: USER-MAIN-PACKAGE::ENV
               Context: (USER-MAIN-PACKAGE::ENV 0)
              
              Form: (0)
               Context: (USER-MAIN-PACKAGE::ENV 0)
              
               Processing list form

Form: (DEFINE-CONDITION USER-MAIN-PACKAGE::CONDITION-NAME
          NIL
          NIL)

 Processing list form
  Form: (USER-MAIN-PACKAGE::CONDITION-NAME NIL NIL)
   Context: (DEFINE-CONDITION USER-MAIN-PACKAGE::CONDITION-NAME
                NIL
                NIL)
  
   Processing list form
    Form: USER-MAIN-PACKAGE::CONDITION-NAME
     Context: (USER-MAIN-PACKAGE::CONDITION-NAME NIL NIL)
    
    Form: (NIL NIL)
     Context: (USER-MAIN-PACKAGE::CONDITION-NAME NIL NIL)
    
     Processing list form
      Form: (NIL)
       Context: (NIL NIL)
      
       Processing list form


Definitions Analysis Trace for d:/quicklisp/local-projects/test-project/source/single-pkg-refs.lisp

Form: (IN-PACKAGE #:USER-MAIN-PACKAGE)

 Processing list form
  Form: (#:USER-MAIN-PACKAGE)
   Context: (IN-PACKAGE #:USER-MAIN-PACKAGE)
  
   Processing list form
    Form: #:USER-MAIN-PACKAGE
     Context: (#:USER-MAIN-PACKAGE)
    

Form: USER-MAIN-PACKAGE::*DEFVAR-VARIABLE*


Form: USER-MAIN-PACKAGE::*DEFPARAMETER-VARIABLE*


Form: USER-MAIN-PACKAGE::+DEFCONSTANT-VARIABLE+


Form: USER-MAIN-PACKAGE::SYMBOL-VALUE-VARIABLE


Form: (USER-MAIN-PACKAGE::DEFUN-NAME)

 Processing list form
  Form: USER-MAIN-PACKAGE::DEFUN-NAME
   Context: (USER-MAIN-PACKAGE::DEFUN-NAME)
  

Form: (FUNCALL 'USER-MAIN-PACKAGE::SYMBOL-FUNCTION-NAME)

 Processing list form
  Form: ('USER-MAIN-PACKAGE::SYMBOL-FUNCTION-NAME)
   Context: (FUNCALL 'USER-MAIN-PACKAGE::SYMBOL-FUNCTION-NAME)
  
   Processing list form
    Form: 'USER-MAIN-PACKAGE::SYMBOL-FUNCTION-NAME
     Context: ('USER-MAIN-PACKAGE::SYMBOL-FUNCTION-NAME)
    
     Processing list form
      Form: (USER-MAIN-PACKAGE::SYMBOL-FUNCTION-NAME)
       Context: 'USER-MAIN-PACKAGE::SYMBOL-FUNCTION-NAME
      
       Processing list form
        Form: USER-MAIN-PACKAGE::SYMBOL-FUNCTION-NAME
         Context: (USER-MAIN-PACKAGE::SYMBOL-FUNCTION-NAME)
        

Form: (FUNCALL 'USER-MAIN-PACKAGE::FDEFINITION-FUNCTION-NAME)

 Processing list form
  Form: ('USER-MAIN-PACKAGE::FDEFINITION-FUNCTION-NAME)
   Context: (FUNCALL 'USER-MAIN-PACKAGE::FDEFINITION-FUNCTION-NAME)
  
   Processing list form
    Form: 'USER-MAIN-PACKAGE::FDEFINITION-FUNCTION-NAME
     Context: ('USER-MAIN-PACKAGE::FDEFINITION-FUNCTION-NAME)
    
     Processing list form
      Form: (USER-MAIN-PACKAGE::FDEFINITION-FUNCTION-NAME)
       Context: 'USER-MAIN-PACKAGE::FDEFINITION-FUNCTION-NAME
      
       Processing list form
        Form: USER-MAIN-PACKAGE::FDEFINITION-FUNCTION-NAME
         Context: (USER-MAIN-PACKAGE::FDEFINITION-FUNCTION-NAME)
        

Form: (USER-MAIN-PACKAGE::CIRCLE-RADIUS (USER-MAIN-PACKAGE::MAKE-CIRCLE))

 Processing list form
  Form: USER-MAIN-PACKAGE::CIRCLE-RADIUS
   Context: (USER-MAIN-PACKAGE::CIRCLE-RADIUS (USER-MAIN-PACKAGE::MAKE-CIRCLE))
  
  Form: ((USER-MAIN-PACKAGE::MAKE-CIRCLE))
   Context: (USER-MAIN-PACKAGE::CIRCLE-RADIUS (USER-MAIN-PACKAGE::MAKE-CIRCLE))
  
   Processing list form
    Form: (USER-MAIN-PACKAGE::MAKE-CIRCLE)
     Context: ((USER-MAIN-PACKAGE::MAKE-CIRCLE))
    
     Processing list form
      Form: USER-MAIN-PACKAGE::MAKE-CIRCLE
       Context: (USER-MAIN-PACKAGE::MAKE-CIRCLE)
      

Form: (USER-MAIN-PACKAGE::PERSON.AGE (USER-MAIN-PACKAGE::MAKE-PERSON))

 Processing list form
  Form: USER-MAIN-PACKAGE::PERSON.AGE
   Context: (USER-MAIN-PACKAGE::PERSON.AGE (USER-MAIN-PACKAGE::MAKE-PERSON))
  
  Form: ((USER-MAIN-PACKAGE::MAKE-PERSON))
   Context: (USER-MAIN-PACKAGE::PERSON.AGE (USER-MAIN-PACKAGE::MAKE-PERSON))
  
   Processing list form
    Form: (USER-MAIN-PACKAGE::MAKE-PERSON)
     Context: ((USER-MAIN-PACKAGE::MAKE-PERSON))
    
     Processing list form
      Form: USER-MAIN-PACKAGE::MAKE-PERSON
       Context: (USER-MAIN-PACKAGE::MAKE-PERSON)
      

Form: (FUNCALL #'USER-MAIN-PACKAGE::COMPUTE-AREA
               (USER-MAIN-PACKAGE::MAKE-CIRCLE :RADIUS 1))

 Processing list form
  Form: (#'USER-MAIN-PACKAGE::COMPUTE-AREA
         (USER-MAIN-PACKAGE::MAKE-CIRCLE :RADIUS 1))
   Context: (FUNCALL #'USER-MAIN-PACKAGE::COMPUTE-AREA
                     (USER-MAIN-PACKAGE::MAKE-CIRCLE :RADIUS 1))
  
   Processing list form
    Form: #'USER-MAIN-PACKAGE::COMPUTE-AREA
     Context: (#'USER-MAIN-PACKAGE::COMPUTE-AREA
               (USER-MAIN-PACKAGE::MAKE-CIRCLE :RADIUS 1))
    
     Processing list form
      Form: (USER-MAIN-PACKAGE::COMPUTE-AREA)
       Context: #'USER-MAIN-PACKAGE::COMPUTE-AREA
      
       Processing list form
        Form: USER-MAIN-PACKAGE::COMPUTE-AREA
         Context: (USER-MAIN-PACKAGE::COMPUTE-AREA)
        
    Form: ((USER-MAIN-PACKAGE::MAKE-CIRCLE :RADIUS 1))
     Context: (#'USER-MAIN-PACKAGE::COMPUTE-AREA
               (USER-MAIN-PACKAGE::MAKE-CIRCLE :RADIUS 1))
    
     Processing list form
      Form: (USER-MAIN-PACKAGE::MAKE-CIRCLE :RADIUS 1)
       Context: ((USER-MAIN-PACKAGE::MAKE-CIRCLE :RADIUS 1))
      
       Processing list form
        Form: USER-MAIN-PACKAGE::MAKE-CIRCLE
         Context: (USER-MAIN-PACKAGE::MAKE-CIRCLE :RADIUS 1)
        
        Form: (:RADIUS 1)
         Context: (USER-MAIN-PACKAGE::MAKE-CIRCLE :RADIUS 1)
        
         Processing list form
          Form: (1)
           Context: (:RADIUS 1)
          
           Processing list form

Form: (USER-MAIN-PACKAGE::PROCESS-DATA "test" :LOGGING)

 Processing list form
  Form: USER-MAIN-PACKAGE::PROCESS-DATA
   Context: (USER-MAIN-PACKAGE::PROCESS-DATA "test" :LOGGING)
  
  Form: ("test" :LOGGING)
   Context: (USER-MAIN-PACKAGE::PROCESS-DATA "test" :LOGGING)
  
   Processing list form
     Processing array
      Form: #\t
       Context: "test"
      
      Form: #\e
       Context: "test"
      
      Form: #\s
       Context: "test"
      
      Form: #\t
       Context: "test"
      
    Form: (:LOGGING)
     Context: ("test" :LOGGING)
    
     Processing list form

Form: (USER-MAIN-PACKAGE::PROCESS-DATA 42)

 Processing list form
  Form: USER-MAIN-PACKAGE::PROCESS-DATA
   Context: (USER-MAIN-PACKAGE::PROCESS-DATA 42)
  
  Form: (42)
   Context: (USER-MAIN-PACKAGE::PROCESS-DATA 42)
  
   Processing list form

Form: (USER-MAIN-PACKAGE::DEFMACRO-NAME)

 Processing list form
  Form: USER-MAIN-PACKAGE::DEFMACRO-NAME
   Context: (USER-MAIN-PACKAGE::DEFMACRO-NAME)
  

Form: (USER-MAIN-PACKAGE::MACRO-FUNCTION-NAME)

 Processing list form
  Form: USER-MAIN-PACKAGE::MACRO-FUNCTION-NAME
   Context: (USER-MAIN-PACKAGE::MACRO-FUNCTION-NAME)
  

Form: (DEFUN USER-MAIN-PACKAGE::FUNCTION-WITH-CONDITION ()
        (ERROR 'USER-MAIN-PACKAGE::CONDITION-NAME))

 Processing list form
  Form: (USER-MAIN-PACKAGE::FUNCTION-WITH-CONDITION NIL
         (ERROR 'USER-MAIN-PACKAGE::CONDITION-NAME))
   Context: (DEFUN USER-MAIN-PACKAGE::FUNCTION-WITH-CONDITION ()
              (ERROR 'USER-MAIN-PACKAGE::CONDITION-NAME))
  
   Processing list form
    Form: USER-MAIN-PACKAGE::FUNCTION-WITH-CONDITION
     Context: (USER-MAIN-PACKAGE::FUNCTION-WITH-CONDITION NIL
               (ERROR 'USER-MAIN-PACKAGE::CONDITION-NAME))
    
    Form: (NIL (ERROR 'USER-MAIN-PACKAGE::CONDITION-NAME))
     Context: (USER-MAIN-PACKAGE::FUNCTION-WITH-CONDITION NIL
               (ERROR 'USER-MAIN-PACKAGE::CONDITION-NAME))
    
     Processing list form
      Form: ((ERROR 'USER-MAIN-PACKAGE::CONDITION-NAME))
       Context: (NIL (ERROR 'USER-MAIN-PACKAGE::CONDITION-NAME))
      
       Processing list form
        Form: (ERROR 'USER-MAIN-PACKAGE::CONDITION-NAME)
         Context: ((ERROR 'USER-MAIN-PACKAGE::CONDITION-NAME))
        
         Processing list form
          Form: ('USER-MAIN-PACKAGE::CONDITION-NAME)
           Context: (ERROR 'USER-MAIN-PACKAGE::CONDITION-NAME)
          
           Processing list form
            Form: 'USER-MAIN-PACKAGE::CONDITION-NAME
             Context: ('USER-MAIN-PACKAGE::CONDITION-NAME)
            
             Processing list form
              Form: (USER-MAIN-PACKAGE::CONDITION-NAME)
               Context: 'USER-MAIN-PACKAGE::CONDITION-NAME
              
               Processing list form
                Form: USER-MAIN-PACKAGE::CONDITION-NAME
                 Context: (USER-MAIN-PACKAGE::CONDITION-NAME)
                

Form: (DEFUN USER-MAIN-PACKAGE::MY-FUNCTION (USER-MAIN-PACKAGE::ARG)
        (USER-MAIN-PACKAGE::DEFUN-NAME)
        USER-MAIN-PACKAGE::*DEFVAR-VARIABLE*
        USER-MAIN-PACKAGE::ARG)

 Processing list form
  Form: (USER-MAIN-PACKAGE::MY-FUNCTION (USER-MAIN-PACKAGE::ARG)
         (USER-MAIN-PACKAGE::DEFUN-NAME) USER-MAIN-PACKAGE::*DEFVAR-VARIABLE*
         USER-MAIN-PACKAGE::ARG)
   Context: (DEFUN USER-MAIN-PACKAGE::MY-FUNCTION (USER-MAIN-PACKAGE::ARG)
              (USER-MAIN-PACKAGE::DEFUN-NAME)
              USER-MAIN-PACKAGE::*DEFVAR-VARIABLE*
              USER-MAIN-PACKAGE::ARG)
  
   Processing list form
    Form: USER-MAIN-PACKAGE::MY-FUNCTION
     Context: (USER-MAIN-PACKAGE::MY-FUNCTION (USER-MAIN-PACKAGE::ARG)
               (USER-MAIN-PACKAGE::DEFUN-NAME)
               USER-MAIN-PACKAGE::*DEFVAR-VARIABLE* USER-MAIN-PACKAGE::ARG)
    
    Form: ((USER-MAIN-PACKAGE::ARG) (USER-MAIN-PACKAGE::DEFUN-NAME)
           USER-MAIN-PACKAGE::*DEFVAR-VARIABLE* USER-MAIN-PACKAGE::ARG)
     Context: (USER-MAIN-PACKAGE::MY-FUNCTION (USER-MAIN-PACKAGE::ARG)
               (USER-MAIN-PACKAGE::DEFUN-NAME)
               USER-MAIN-PACKAGE::*DEFVAR-VARIABLE* USER-MAIN-PACKAGE::ARG)
    
     Processing list form
      Form: (USER-MAIN-PACKAGE::ARG)
       Context: ((USER-MAIN-PACKAGE::ARG) (USER-MAIN-PACKAGE::DEFUN-NAME)
                 USER-MAIN-PACKAGE::*DEFVAR-VARIABLE* USER-MAIN-PACKAGE::ARG)
      
       Processing list form
        Form: USER-MAIN-PACKAGE::ARG
         Context: (USER-MAIN-PACKAGE::ARG)
        
      Form: ((USER-MAIN-PACKAGE::DEFUN-NAME)
             USER-MAIN-PACKAGE::*DEFVAR-VARIABLE* USER-MAIN-PACKAGE::ARG)
       Context: ((USER-MAIN-PACKAGE::ARG) (USER-MAIN-PACKAGE::DEFUN-NAME)
                 USER-MAIN-PACKAGE::*DEFVAR-VARIABLE* USER-MAIN-PACKAGE::ARG)
      
       Processing list form
        Form: (USER-MAIN-PACKAGE::DEFUN-NAME)
         Context: ((USER-MAIN-PACKAGE::DEFUN-NAME)
                   USER-MAIN-PACKAGE::*DEFVAR-VARIABLE* USER-MAIN-PACKAGE::ARG)
        
         Processing list form
          Form: USER-MAIN-PACKAGE::DEFUN-NAME
           Context: (USER-MAIN-PACKAGE::DEFUN-NAME)
          
        Form: (USER-MAIN-PACKAGE::*DEFVAR-VARIABLE* USER-MAIN-PACKAGE::ARG)
         Context: ((USER-MAIN-PACKAGE::DEFUN-NAME)
                   USER-MAIN-PACKAGE::*DEFVAR-VARIABLE* USER-MAIN-PACKAGE::ARG)
        
         Processing list form
          Form: USER-MAIN-PACKAGE::*DEFVAR-VARIABLE*
           Context: (USER-MAIN-PACKAGE::*DEFVAR-VARIABLE*
                     USER-MAIN-PACKAGE::ARG)
          
          Form: (USER-MAIN-PACKAGE::ARG)
           Context: (USER-MAIN-PACKAGE::*DEFVAR-VARIABLE*
                     USER-MAIN-PACKAGE::ARG)
          
           Processing list form
            Form: USER-MAIN-PACKAGE::ARG
             Context: (USER-MAIN-PACKAGE::ARG)
            

Form: (LET ((USER-MAIN-PACKAGE::ARG 0))
        (USER-MAIN-PACKAGE::DEFUN-NAME)
        USER-MAIN-PACKAGE::*DEFVAR-VARIABLE*
        (USER-MAIN-PACKAGE::COMPUTE-AREA (USER-MAIN-PACKAGE::MAKE-CIRCLE))
        USER-MAIN-PACKAGE::ARG)

 Processing list form
  Form: (((USER-MAIN-PACKAGE::ARG 0)) (USER-MAIN-PACKAGE::DEFUN-NAME)
         USER-MAIN-PACKAGE::*DEFVAR-VARIABLE*
         (USER-MAIN-PACKAGE::COMPUTE-AREA (USER-MAIN-PACKAGE::MAKE-CIRCLE))
         USER-MAIN-PACKAGE::ARG)
   Context: (LET ((USER-MAIN-PACKAGE::ARG 0))
              (USER-MAIN-PACKAGE::DEFUN-NAME)
              USER-MAIN-PACKAGE::*DEFVAR-VARIABLE*
              (USER-MAIN-PACKAGE::COMPUTE-AREA
               (USER-MAIN-PACKAGE::MAKE-CIRCLE))
              USER-MAIN-PACKAGE::ARG)
  
   Processing list form
    Form: ((USER-MAIN-PACKAGE::ARG 0))
     Context: (((USER-MAIN-PACKAGE::ARG 0)) (USER-MAIN-PACKAGE::DEFUN-NAME)
               USER-MAIN-PACKAGE::*DEFVAR-VARIABLE*
               (USER-MAIN-PACKAGE::COMPUTE-AREA
                (USER-MAIN-PACKAGE::MAKE-CIRCLE))
               USER-MAIN-PACKAGE::ARG)
    
     Processing list form
      Form: (USER-MAIN-PACKAGE::ARG 0)
       Context: ((USER-MAIN-PACKAGE::ARG 0))
      
       Processing list form
        Form: USER-MAIN-PACKAGE::ARG
         Context: (USER-MAIN-PACKAGE::ARG 0)
        
        Form: (0)
         Context: (USER-MAIN-PACKAGE::ARG 0)
        
         Processing list form
    Form: ((USER-MAIN-PACKAGE::DEFUN-NAME) USER-MAIN-PACKAGE::*DEFVAR-VARIABLE*
           (USER-MAIN-PACKAGE::COMPUTE-AREA (USER-MAIN-PACKAGE::MAKE-CIRCLE))
           USER-MAIN-PACKAGE::ARG)
     Context: (((USER-MAIN-PACKAGE::ARG 0)) (USER-MAIN-PACKAGE::DEFUN-NAME)
               USER-MAIN-PACKAGE::*DEFVAR-VARIABLE*
               (USER-MAIN-PACKAGE::COMPUTE-AREA
                (USER-MAIN-PACKAGE::MAKE-CIRCLE))
               USER-MAIN-PACKAGE::ARG)
    
     Processing list form
      Form: (USER-MAIN-PACKAGE::DEFUN-NAME)
       Context: ((USER-MAIN-PACKAGE::DEFUN-NAME)
                 USER-MAIN-PACKAGE::*DEFVAR-VARIABLE*
                 (USER-MAIN-PACKAGE::COMPUTE-AREA
                  (USER-MAIN-PACKAGE::MAKE-CIRCLE))
                 USER-MAIN-PACKAGE::ARG)
      
       Processing list form
        Form: USER-MAIN-PACKAGE::DEFUN-NAME
         Context: (USER-MAIN-PACKAGE::DEFUN-NAME)
        
      Form: (USER-MAIN-PACKAGE::*DEFVAR-VARIABLE*
             (USER-MAIN-PACKAGE::COMPUTE-AREA (USER-MAIN-PACKAGE::MAKE-CIRCLE))
             USER-MAIN-PACKAGE::ARG)
       Context: ((USER-MAIN-PACKAGE::DEFUN-NAME)
                 USER-MAIN-PACKAGE::*DEFVAR-VARIABLE*
                 (USER-MAIN-PACKAGE::COMPUTE-AREA
                  (USER-MAIN-PACKAGE::MAKE-CIRCLE))
                 USER-MAIN-PACKAGE::ARG)
      
       Processing list form
        Form: USER-MAIN-PACKAGE::*DEFVAR-VARIABLE*
         Context: (USER-MAIN-PACKAGE::*DEFVAR-VARIABLE*
                   (USER-MAIN-PACKAGE::COMPUTE-AREA
                    (USER-MAIN-PACKAGE::MAKE-CIRCLE))
                   USER-MAIN-PACKAGE::ARG)
        
        Form: ((USER-MAIN-PACKAGE::COMPUTE-AREA
                (USER-MAIN-PACKAGE::MAKE-CIRCLE))
               USER-MAIN-PACKAGE::ARG)
         Context: (USER-MAIN-PACKAGE::*DEFVAR-VARIABLE*
                   (USER-MAIN-PACKAGE::COMPUTE-AREA
                    (USER-MAIN-PACKAGE::MAKE-CIRCLE))
                   USER-MAIN-PACKAGE::ARG)
        
         Processing list form
          Form: (USER-MAIN-PACKAGE::COMPUTE-AREA
                 (USER-MAIN-PACKAGE::MAKE-CIRCLE))
           Context: ((USER-MAIN-PACKAGE::COMPUTE-AREA
                      (USER-MAIN-PACKAGE::MAKE-CIRCLE))
                     USER-MAIN-PACKAGE::ARG)
          
           Processing list form
            Form: USER-MAIN-PACKAGE::COMPUTE-AREA
             Context: (USER-MAIN-PACKAGE::COMPUTE-AREA
                       (USER-MAIN-PACKAGE::MAKE-CIRCLE))
            
            Form: ((USER-MAIN-PACKAGE::MAKE-CIRCLE))
             Context: (USER-MAIN-PACKAGE::COMPUTE-AREA
                       (USER-MAIN-PACKAGE::MAKE-CIRCLE))
            
             Processing list form
              Form: (USER-MAIN-PACKAGE::MAKE-CIRCLE)
               Context: ((USER-MAIN-PACKAGE::MAKE-CIRCLE))
              
               Processing list form
                Form: USER-MAIN-PACKAGE::MAKE-CIRCLE
                 Context: (USER-MAIN-PACKAGE::MAKE-CIRCLE)
                
          Form: (USER-MAIN-PACKAGE::ARG)
           Context: ((USER-MAIN-PACKAGE::COMPUTE-AREA
                      (USER-MAIN-PACKAGE::MAKE-CIRCLE))
                     USER-MAIN-PACKAGE::ARG)
          
           Processing list form
            Form: USER-MAIN-PACKAGE::ARG
             Context: (USER-MAIN-PACKAGE::ARG)
            

