
Package/Symbol Analysis Trace for d:/quicklisp/local-projects/test-project/src/defs.lisp

Form 1: (DEFPACKAGE #:TEST-PROJECT-PACKAGE
          (:USE :CL))
Form 2: (IN-PACKAGE #:TEST-PROJECT-PACKAGE)
Form 3: (DEFSTRUCT (CACHE (:CONC-NAME CACHE.))
          (TABLE (MAKE-HASH-TABLE) :TYPE HASH-TABLE)
          (MAX-SIZE 100 :TYPE FIXNUM))
Form 4: (DEFCLASS VECTOR2D NIL
                  ((X :INITARG :X :INITFORM 0.0 :ACCESSOR V2D-X)
                   (Y :INITARG :Y :INITFORM 0.0 :ACCESSOR V2D-Y)))
Form 5: (DEFGENERIC MAGNITUDE
            (VECTOR)
          (:DOCUMENTATION "Calculate vector magnitude"))
Form 6: (DEFMETHOD MAGNITUDE ((V VECTOR2D))
          (SQRT (+ (EXPT (V2D-X V) 2) (EXPT (V2D-Y V) 2))))
Form 7: (DEFVAR *DEFAULT-CACHE* (MAKE-CACHE))
Form 8: (DEFPARAMETER *ORIGIN* (MAKE-INSTANCE 'VECTOR2D))
Form 9: (DEFUN CACHE-ENTRY (KEY) (GETHASH KEY (CACHE.TABLE *DEFAULT-CACHE*)))
Form 10: (DEFUN (SETF CACHE-ENTRY) (VALUE KEY)
           (SETF (GETHASH KEY (CACHE.TABLE *DEFAULT-CACHE*)) VALUE))
Form 11: (DEFMACRO WITH-VECTOR ((VAR X Y) &BODY BODY)
           `(LET ((,VAR (MAKE-INSTANCE 'VECTOR2D :X ,X :Y ,Y)))
              ,@BODY))
Form 12: (DEFCONSTANT +UNIT-DISTANCE+ 1.0)
Package state for /src/defs.lisp:
  Current package: #<PACKAGE "TEST-PROJECT-PACKAGE">

Package/Symbol Analysis Trace for d:/quicklisp/local-projects/test-project/src/refs.lisp

Form 1: (IN-PACKAGE #:TEST-PROJECT-PACKAGE)
Form 2: (LET ((V (MAKE-INSTANCE 'VECTOR2D :X 3.0 :Y 4.0)))
          (MAGNITUDE V)
          (V2D-X V)
          (V2D-Y V))
Form 3: (CACHE-ENTRY 'KEY)
Form 4: (SETF (CACHE-ENTRY 'TEST) 42)
Form 5: (CACHE.MAX-SIZE *DEFAULT-CACHE*)
Form 6: (WITH-VECTOR (V +UNIT-DISTANCE+ +UNIT-DISTANCE+)
          (MAGNITUDE V))
Package state for /src/refs.lisp:
  Current package: #<PACKAGE "TEST-PROJECT-PACKAGE">
