Filename: REFERENCES.LOG

The list of all references to definitions in other files for the test-project project.
REFERENCE>
    :Name GF1
    :Context (LET ((TEST-VALUE 10))
               (GF1
                (IF (> *SPECIAL1* 5)
                    "string-case"
                    TEST-VALUE)))
    :Type :METHOD
    :File /src/refs.lisp
    :Package #<PACKAGE "USER-PKG">
    :Arguments (10)
    :Definitions
                    DEFINITION>
                        :Name GF1
                        :Context (DEFMETHOD GF1 ((X NUMBER)) (* X 2))
                        :Type :METHOD
                        :File /src/defs.lisp
                        :Package #<PACKAGE "USER-PKG">
                        :Status :INTERNAL
                        :Specializers (NUMBER)

REFERENCE>
    :Name GF1
    :Context (LET ((VALUES-TO-TEST (LIST 42 "text" (CONS 1 2))))
               (MAPCAR #'GF1 VALUES-TO-TEST))
    :Type :METHOD
    :File /src/refs.lisp
    :Package #<PACKAGE "USER-PKG">
    :Arguments (42)
    :Definitions
                    DEFINITION>
                        :Name GF1
                        :Context (DEFMETHOD GF1 ((X NUMBER)) (* X 2))
                        :Type :METHOD
                        :File /src/defs.lisp
                        :Package #<PACKAGE "USER-PKG">
                        :Status :INTERNAL
                        :Specializers (NUMBER)

REFERENCE>
    :Name GF1
    :Context (GF1 42)
    :Type :METHOD
    :File /src/refs.lisp
    :Package #<PACKAGE "USER-PKG">
    :Arguments (42)
    :Definitions
                    DEFINITION>
                        :Name GF1
                        :Context (DEFMETHOD GF1 ((X NUMBER)) (* X 2))
                        :Type :METHOD
                        :File /src/defs.lisp
                        :Package #<PACKAGE "USER-PKG">
                        :Status :INTERNAL
                        :Specializers (NUMBER)

REFERENCE>
    :Name GF1
    :Context (GF1 "hello")
    :Type :METHOD
    :File /src/refs.lisp
    :Package #<PACKAGE "USER-PKG">
    :Arguments ("hello")
    :Definitions
                    DEFINITION>
                        :Name GF1
                        :Context (DEFMETHOD GF1 ((X STRING))
                                   (CONCATENATE 'STRING X X))
                        :Type :METHOD
                        :File /src/defs.lisp
                        :Package #<PACKAGE "USER-PKG">
                        :Status :INTERNAL
                        :Specializers (STRING)

REFERENCE>
    :Name GF2
    :Context (LET ((NUM 5))
               (GF2 NUM 30))
    :Type :METHOD
    :File /src/refs.lisp
    :Package #<PACKAGE "USER-PKG">
    :Qualifiers (:BEFORE)
    :Arguments (5 30)
    :Definitions
                    DEFINITION>
                        :Name GF2
                        :Context (DEFMETHOD GF2 :BEFORE ((X NUMBER) Y)
                                   (CHECK-TYPE Y NUMBER))
                        :Type :METHOD
                        :File /src/defs.lisp
                        :Package #<PACKAGE "USER-PKG">
                        :Status :INTERNAL
                        :Qualifiers (:BEFORE)
                        :Specializers (NUMBER T)

REFERENCE>
    :Name GF2
    :Context (GF2 10 20)
    :Type :METHOD
    :File /src/refs.lisp
    :Package #<PACKAGE "USER-PKG">
    :Qualifiers (:BEFORE)
    :Arguments (10 20)
    :Definitions
                    DEFINITION>
                        :Name GF2
                        :Context (DEFMETHOD GF2 :BEFORE ((X NUMBER) Y)
                                   (CHECK-TYPE Y NUMBER))
                        :Type :METHOD
                        :File /src/defs.lisp
                        :Package #<PACKAGE "USER-PKG">
                        :Status :INTERNAL
                        :Qualifiers (:BEFORE)
                        :Specializers (NUMBER T)

REFERENCE>
    :Name GF2
    :Context (LET ((NUM 5))
               (GF2 NUM 30))
    :Type :METHOD
    :File /src/refs.lisp
    :Package #<PACKAGE "USER-PKG">
    :Arguments (5 30)
    :Definitions
                    DEFINITION>
                        :Name GF2
                        :Context (DEFMETHOD GF2 ((X NUMBER) Y) (LIST X Y))
                        :Type :METHOD
                        :File /src/defs.lisp
                        :Package #<PACKAGE "USER-PKG">
                        :Status :INTERNAL
                        :Specializers (NUMBER T)

REFERENCE>
    :Name GF2
    :Context (GF2 10 20)
    :Type :METHOD
    :File /src/refs.lisp
    :Package #<PACKAGE "USER-PKG">
    :Arguments (10 20)
    :Definitions
                    DEFINITION>
                        :Name GF2
                        :Context (DEFMETHOD GF2 ((X NUMBER) Y) (LIST X Y))
                        :Type :METHOD
                        :File /src/defs.lisp
                        :Package #<PACKAGE "USER-PKG">
                        :Status :INTERNAL
                        :Specializers (NUMBER T)

REFERENCE>
    :Name *SPECIAL1*
    :Context (IF (> *SPECIAL1* 5)
                 "string-case"
                 TEST-VALUE)
    :Type :VARIABLE
    :File /src/refs.lisp
    :Package #<PACKAGE "USER-PKG">
    :Visibility (:LOCAL #<PACKAGE "USER-PKG">)
    :Definitions
                    DEFINITION>
                        :Name *SPECIAL1*
                        :Context (DEFVAR *SPECIAL1* 0)
                        :Type :VARIABLE
                        :File /src/defs.lisp
                        :Package #<PACKAGE "USER-PKG">
                        :Status :INTERNAL

REFERENCE>
    :Name GF1
    :Context (GF1 (MAKE-INSTANCE 'NAMED-POINT :NAME "origin" :U 0 :V 0))
    :Type :METHOD
    :File /src/refs.lisp
    :Package #<PACKAGE "USER-PKG">
    :Arguments (#<NAMED-POINT {1104F2FC33}>)
    :Definitions
                    DEFINITION>
                        :Name GF1
                        :Context (DEFMETHOD GF1 ((X NAMED-POINT))
                                   (LIST 'NAMED-POINT (POINT-NAME X)
                                         (POINT-U X) (POINT-V X)))
                        :Type :METHOD
                        :File /src/defs.lisp
                        :Package #<PACKAGE "USER-PKG">
                        :Status :INTERNAL
                        :Specializers (NAMED-POINT)

